[2022-08-19T12:19:17.514] [ERROR] default - Error al conectarse a MongoDB
[2022-08-19T12:22:58.385] [ERROR] default - Error: Invalid login: 534-5.7.9 Application-specific password required. Learn more at
534 5.7.9  https://support.google.com/mail/?p=InvalidSecondFactor q206-20020a1fa7d7000000b0038030db4c79sm2856003vke.54 - gsmtp
    at SMTPConnection._formatError (C:\Users\Adrian\Desktop\nodeJSBackend\Final\node_modules\nodemailer\lib\smtp-connection\index.js:784:19)
    at SMTPConnection._actionAUTHComplete (C:\Users\Adrian\Desktop\nodeJSBackend\Final\node_modules\nodemailer\lib\smtp-connection\index.js:1536:34)
    at SMTPConnection.<anonymous> (C:\Users\Adrian\Desktop\nodeJSBackend\Final\node_modules\nodemailer\lib\smtp-connection\index.js:540:26)
    at SMTPConnection._processResponse (C:\Users\Adrian\Desktop\nodeJSBackend\Final\node_modules\nodemailer\lib\smtp-connection\index.js:947:20)
    at SMTPConnection._onData (C:\Users\Adrian\Desktop\nodeJSBackend\Final\node_modules\nodemailer\lib\smtp-connection\index.js:749:14)
    at TLSSocket.SMTPConnection._onSocketData (C:\Users\Adrian\Desktop\nodeJSBackend\Final\node_modules\nodemailer\lib\smtp-connection\index.js:189:44)
    at TLSSocket.emit (node:events:527:28)
    at addChunk (node:internal/streams/readable:315:12)
    at readableAddChunk (node:internal/streams/readable:289:9)
    at TLSSocket.Readable.push (node:internal/streams/readable:228:10) {
  code: 'EAUTH',
  response: '534-5.7.9 Application-specific password required. Learn more at\n' +
    '534 5.7.9  https://support.google.com/mail/?p=InvalidSecondFactor q206-20020a1fa7d7000000b0038030db4c79sm2856003vke.54 - gsmtp',
  responseCode: 534,
  command: 'AUTH PLAIN'
}
[2022-08-19T12:39:33.770] [ERROR] default - CastError: Cast to ObjectId failed for value "{ _id: '4' }" (type Object) at path "_id" for model "productos"
    at model.Query.exec (C:\Users\Adrian\Desktop\nodeJSBackend\Final\node_modules\mongoose\lib\query.js:4715:21)
    at model.Query.Query.then (C:\Users\Adrian\Desktop\nodeJSBackend\Final\node_modules\mongoose\lib\query.js:4814:15)
    at processTicksAndRejections (node:internal/process/task_queues:96:5) {
  messageFormat: undefined,
  stringValue: `"{ _id: '4' }"`,
  kind: 'ObjectId',
  value: { _id: '4' },
  path: '_id',
  reason: BSONTypeError: Argument passed in must be a string of 12 bytes or a string of 24 hex characters or an integer
      at new BSONTypeError (C:\Users\Adrian\Desktop\nodeJSBackend\Final\node_modules\bson\lib\error.js:41:28)
      at new ObjectId (C:\Users\Adrian\Desktop\nodeJSBackend\Final\node_modules\bson\lib\objectid.js:67:23)
      at castObjectId (C:\Users\Adrian\Desktop\nodeJSBackend\Final\node_modules\mongoose\lib\cast\objectid.js:19:14)
      at ObjectId.cast (C:\Users\Adrian\Desktop\nodeJSBackend\Final\node_modules\mongoose\lib\schema\objectid.js:247:12)
      at ObjectId.SchemaType.applySetters (C:\Users\Adrian\Desktop\nodeJSBackend\Final\node_modules\mongoose\lib\schematype.js:1189:12)
      at ObjectId.SchemaType._castForQuery (C:\Users\Adrian\Desktop\nodeJSBackend\Final\node_modules\mongoose\lib\schematype.js:1623:15)
      at ObjectId.SchemaType.castForQuery (C:\Users\Adrian\Desktop\nodeJSBackend\Final\node_modules\mongoose\lib\schematype.js:1613:15)
      at ObjectId.SchemaType.castForQueryWrapper (C:\Users\Adrian\Desktop\nodeJSBackend\Final\node_modules\mongoose\lib\schematype.js:1590:20)
      at cast (C:\Users\Adrian\Desktop\nodeJSBackend\Final\node_modules\mongoose\lib\cast.js:288:34)
      at model.Query.Query.cast (C:\Users\Adrian\Desktop\nodeJSBackend\Final\node_modules\mongoose\lib\query.js:5137:12),
  valueType: 'Object'
}
[2022-08-19T12:54:26.146] [ERROR] default - CastError: Cast to ObjectId failed for value "5ca44937-79b0-401b-bf00-9a7543c19693" (type string) at path "_id" for model "carritos"
    at model.Query.exec (C:\Users\Adrian\Desktop\nodeJSBackend\Final\node_modules\mongoose\lib\query.js:4715:21)
    at model.Query.Query.then (C:\Users\Adrian\Desktop\nodeJSBackend\Final\node_modules\mongoose\lib\query.js:4814:15)
    at processTicksAndRejections (node:internal/process/task_queues:96:5) {
  messageFormat: undefined,
  stringValue: '"5ca44937-79b0-401b-bf00-9a7543c19693"',
  kind: 'ObjectId',
  value: '5ca44937-79b0-401b-bf00-9a7543c19693',
  path: '_id',
  reason: BSONTypeError: Argument passed in must be a string of 12 bytes or a string of 24 hex characters or an integer
      at new BSONTypeError (C:\Users\Adrian\Desktop\nodeJSBackend\Final\node_modules\bson\lib\error.js:41:28)
      at new ObjectId (C:\Users\Adrian\Desktop\nodeJSBackend\Final\node_modules\bson\lib\objectid.js:67:23)
      at castObjectId (C:\Users\Adrian\Desktop\nodeJSBackend\Final\node_modules\mongoose\lib\cast\objectid.js:24:12)
      at ObjectId.cast (C:\Users\Adrian\Desktop\nodeJSBackend\Final\node_modules\mongoose\lib\schema\objectid.js:247:12)
      at ObjectId.SchemaType.applySetters (C:\Users\Adrian\Desktop\nodeJSBackend\Final\node_modules\mongoose\lib\schematype.js:1189:12)
      at ObjectId.SchemaType._castForQuery (C:\Users\Adrian\Desktop\nodeJSBackend\Final\node_modules\mongoose\lib\schematype.js:1623:15)
      at ObjectId.SchemaType.castForQuery (C:\Users\Adrian\Desktop\nodeJSBackend\Final\node_modules\mongoose\lib\schematype.js:1613:15)
      at ObjectId.SchemaType.castForQueryWrapper (C:\Users\Adrian\Desktop\nodeJSBackend\Final\node_modules\mongoose\lib\schematype.js:1590:20)
      at cast (C:\Users\Adrian\Desktop\nodeJSBackend\Final\node_modules\mongoose\lib\cast.js:344:32)
      at model.Query.Query.cast (C:\Users\Adrian\Desktop\nodeJSBackend\Final\node_modules\mongoose\lib\query.js:5137:12),
  valueType: 'string'
}
[2022-08-19T12:54:33.692] [ERROR] default - CastError: Cast to ObjectId failed for value "5ca44937-79b0-401b-bf00-9a7543c19693" (type string) at path "_id" for model "carritos"
    at model.Query.exec (C:\Users\Adrian\Desktop\nodeJSBackend\Final\node_modules\mongoose\lib\query.js:4715:21)
    at model.Query.Query.then (C:\Users\Adrian\Desktop\nodeJSBackend\Final\node_modules\mongoose\lib\query.js:4814:15)
    at processTicksAndRejections (node:internal/process/task_queues:96:5) {
  messageFormat: undefined,
  stringValue: '"5ca44937-79b0-401b-bf00-9a7543c19693"',
  kind: 'ObjectId',
  value: '5ca44937-79b0-401b-bf00-9a7543c19693',
  path: '_id',
  reason: BSONTypeError: Argument passed in must be a string of 12 bytes or a string of 24 hex characters or an integer
      at new BSONTypeError (C:\Users\Adrian\Desktop\nodeJSBackend\Final\node_modules\bson\lib\error.js:41:28)
      at new ObjectId (C:\Users\Adrian\Desktop\nodeJSBackend\Final\node_modules\bson\lib\objectid.js:67:23)
      at castObjectId (C:\Users\Adrian\Desktop\nodeJSBackend\Final\node_modules\mongoose\lib\cast\objectid.js:24:12)
      at ObjectId.cast (C:\Users\Adrian\Desktop\nodeJSBackend\Final\node_modules\mongoose\lib\schema\objectid.js:247:12)
      at ObjectId.SchemaType.applySetters (C:\Users\Adrian\Desktop\nodeJSBackend\Final\node_modules\mongoose\lib\schematype.js:1189:12)
      at ObjectId.SchemaType._castForQuery (C:\Users\Adrian\Desktop\nodeJSBackend\Final\node_modules\mongoose\lib\schematype.js:1623:15)
      at ObjectId.SchemaType.castForQuery (C:\Users\Adrian\Desktop\nodeJSBackend\Final\node_modules\mongoose\lib\schematype.js:1613:15)
      at ObjectId.SchemaType.castForQueryWrapper (C:\Users\Adrian\Desktop\nodeJSBackend\Final\node_modules\mongoose\lib\schematype.js:1590:20)
      at cast (C:\Users\Adrian\Desktop\nodeJSBackend\Final\node_modules\mongoose\lib\cast.js:344:32)
      at model.Query.Query.cast (C:\Users\Adrian\Desktop\nodeJSBackend\Final\node_modules\mongoose\lib\query.js:5137:12),
  valueType: 'string'
}
[2022-08-19T12:55:06.665] [ERROR] default - CastError: Cast to ObjectId failed for value "{ _id: '325e2bf5-9903-4dfd-bada-053533905559' }" (type Object) at path "_id" for model "carritos"
    at model.Query.exec (C:\Users\Adrian\Desktop\nodeJSBackend\Final\node_modules\mongoose\lib\query.js:4715:21)
    at model.Query.Query.then (C:\Users\Adrian\Desktop\nodeJSBackend\Final\node_modules\mongoose\lib\query.js:4814:15)
    at processTicksAndRejections (node:internal/process/task_queues:96:5) {
  messageFormat: undefined,
  stringValue: `"{ _id: '325e2bf5-9903-4dfd-bada-053533905559' }"`,
  kind: 'ObjectId',
  value: { _id: '325e2bf5-9903-4dfd-bada-053533905559' },
  path: '_id',
  reason: BSONTypeError: Argument passed in must be a string of 12 bytes or a string of 24 hex characters or an integer
      at new BSONTypeError (C:\Users\Adrian\Desktop\nodeJSBackend\Final\node_modules\bson\lib\error.js:41:28)
      at new ObjectId (C:\Users\Adrian\Desktop\nodeJSBackend\Final\node_modules\bson\lib\objectid.js:67:23)
      at castObjectId (C:\Users\Adrian\Desktop\nodeJSBackend\Final\node_modules\mongoose\lib\cast\objectid.js:19:14)
      at ObjectId.cast (C:\Users\Adrian\Desktop\nodeJSBackend\Final\node_modules\mongoose\lib\schema\objectid.js:247:12)
      at ObjectId.SchemaType.applySetters (C:\Users\Adrian\Desktop\nodeJSBackend\Final\node_modules\mongoose\lib\schematype.js:1189:12)
      at ObjectId.SchemaType._castForQuery (C:\Users\Adrian\Desktop\nodeJSBackend\Final\node_modules\mongoose\lib\schematype.js:1623:15)
      at ObjectId.SchemaType.castForQuery (C:\Users\Adrian\Desktop\nodeJSBackend\Final\node_modules\mongoose\lib\schematype.js:1613:15)
      at ObjectId.SchemaType.castForQueryWrapper (C:\Users\Adrian\Desktop\nodeJSBackend\Final\node_modules\mongoose\lib\schematype.js:1590:20)
      at cast (C:\Users\Adrian\Desktop\nodeJSBackend\Final\node_modules\mongoose\lib\cast.js:288:34)
      at model.Query.Query.cast (C:\Users\Adrian\Desktop\nodeJSBackend\Final\node_modules\mongoose\lib\query.js:5137:12),
  valueType: 'Object'
}
[2022-08-19T12:56:30.749] [ERROR] default - CastError: Cast to ObjectId failed for value "5ca44937-79b0-401b-bf00-9a7543c19693" (type string) at path "_id" for model "carritos"
    at model.Query.exec (C:\Users\Adrian\Desktop\nodeJSBackend\Final\node_modules\mongoose\lib\query.js:4715:21)
    at model.Query.Query.then (C:\Users\Adrian\Desktop\nodeJSBackend\Final\node_modules\mongoose\lib\query.js:4814:15)
    at processTicksAndRejections (node:internal/process/task_queues:96:5) {
  messageFormat: undefined,
  stringValue: '"5ca44937-79b0-401b-bf00-9a7543c19693"',
  kind: 'ObjectId',
  value: '5ca44937-79b0-401b-bf00-9a7543c19693',
  path: '_id',
  reason: BSONTypeError: Argument passed in must be a string of 12 bytes or a string of 24 hex characters or an integer
      at new BSONTypeError (C:\Users\Adrian\Desktop\nodeJSBackend\Final\node_modules\bson\lib\error.js:41:28)
      at new ObjectId (C:\Users\Adrian\Desktop\nodeJSBackend\Final\node_modules\bson\lib\objectid.js:67:23)
      at castObjectId (C:\Users\Adrian\Desktop\nodeJSBackend\Final\node_modules\mongoose\lib\cast\objectid.js:24:12)
      at ObjectId.cast (C:\Users\Adrian\Desktop\nodeJSBackend\Final\node_modules\mongoose\lib\schema\objectid.js:247:12)
      at ObjectId.SchemaType.applySetters (C:\Users\Adrian\Desktop\nodeJSBackend\Final\node_modules\mongoose\lib\schematype.js:1189:12)
      at ObjectId.SchemaType._castForQuery (C:\Users\Adrian\Desktop\nodeJSBackend\Final\node_modules\mongoose\lib\schematype.js:1623:15)
      at ObjectId.SchemaType.castForQuery (C:\Users\Adrian\Desktop\nodeJSBackend\Final\node_modules\mongoose\lib\schematype.js:1613:15)
      at ObjectId.SchemaType.castForQueryWrapper (C:\Users\Adrian\Desktop\nodeJSBackend\Final\node_modules\mongoose\lib\schematype.js:1590:20)
      at cast (C:\Users\Adrian\Desktop\nodeJSBackend\Final\node_modules\mongoose\lib\cast.js:344:32)
      at model.Query.Query.cast (C:\Users\Adrian\Desktop\nodeJSBackend\Final\node_modules\mongoose\lib\query.js:5137:12),
  valueType: 'string'
}
[2022-08-19T12:56:57.710] [ERROR] default - CastError: Cast to ObjectId failed for value "5ca44937-79b0-401b-bf00-9a7543c19693" (type string) at path "_id" for model "carritos"
    at model.Query.exec (C:\Users\Adrian\Desktop\nodeJSBackend\Final\node_modules\mongoose\lib\query.js:4715:21)
    at model.Query.Query.then (C:\Users\Adrian\Desktop\nodeJSBackend\Final\node_modules\mongoose\lib\query.js:4814:15)
    at processTicksAndRejections (node:internal/process/task_queues:96:5) {
  messageFormat: undefined,
  stringValue: '"5ca44937-79b0-401b-bf00-9a7543c19693"',
  kind: 'ObjectId',
  value: '5ca44937-79b0-401b-bf00-9a7543c19693',
  path: '_id',
  reason: BSONTypeError: Argument passed in must be a string of 12 bytes or a string of 24 hex characters or an integer
      at new BSONTypeError (C:\Users\Adrian\Desktop\nodeJSBackend\Final\node_modules\bson\lib\error.js:41:28)
      at new ObjectId (C:\Users\Adrian\Desktop\nodeJSBackend\Final\node_modules\bson\lib\objectid.js:67:23)
      at castObjectId (C:\Users\Adrian\Desktop\nodeJSBackend\Final\node_modules\mongoose\lib\cast\objectid.js:24:12)
      at ObjectId.cast (C:\Users\Adrian\Desktop\nodeJSBackend\Final\node_modules\mongoose\lib\schema\objectid.js:247:12)
      at ObjectId.SchemaType.applySetters (C:\Users\Adrian\Desktop\nodeJSBackend\Final\node_modules\mongoose\lib\schematype.js:1189:12)
      at ObjectId.SchemaType._castForQuery (C:\Users\Adrian\Desktop\nodeJSBackend\Final\node_modules\mongoose\lib\schematype.js:1623:15)
      at ObjectId.SchemaType.castForQuery (C:\Users\Adrian\Desktop\nodeJSBackend\Final\node_modules\mongoose\lib\schematype.js:1613:15)
      at ObjectId.SchemaType.castForQueryWrapper (C:\Users\Adrian\Desktop\nodeJSBackend\Final\node_modules\mongoose\lib\schematype.js:1590:20)
      at cast (C:\Users\Adrian\Desktop\nodeJSBackend\Final\node_modules\mongoose\lib\cast.js:344:32)
      at model.Query.Query.cast (C:\Users\Adrian\Desktop\nodeJSBackend\Final\node_modules\mongoose\lib\query.js:5137:12),
  valueType: 'string'
}
[2022-08-19T21:17:41.329] [ERROR] default - Error: productos validation failed: stock: Path `stock` is required., code: Path `code` is required., description: Path `description` is required.
    at ValidationError.inspect (C:\Users\Adrian\Desktop\nodeJSBackend\Final\node_modules\mongoose\lib\error\validation.js:48:26)
    at formatValue (node:internal/util/inspect:782:19)
    at inspect (node:internal/util/inspect:347:10)
    at formatWithOptionsInternal (node:internal/util/inspect:2167:40)
    at Object.format (node:internal/util/inspect:2021:10)
    at basicLayout (C:\Users\Adrian\Desktop\nodeJSBackend\Final\node_modules\log4js\lib\layouts.js:64:57)
    at app (C:\Users\Adrian\Desktop\nodeJSBackend\Final\node_modules\log4js\lib\appenders\file.js:82:23)
    at C:\Users\Adrian\Desktop\nodeJSBackend\Final\node_modules\log4js\lib\appenders\logLevelFilter.js:7:7
    at C:\Users\Adrian\Desktop\nodeJSBackend\Final\node_modules\log4js\lib\log4js.js:43:5
    at Array.forEach (<anonymous>) {
  errors: {
    stock: ValidatorError: Path `stock` is required.
        at validate (C:\Users\Adrian\Desktop\nodeJSBackend\Final\node_modules\mongoose\lib\schematype.js:1330:13)
        at SchemaNumber.SchemaType.doValidate (C:\Users\Adrian\Desktop\nodeJSBackend\Final\node_modules\mongoose\lib\schematype.js:1314:7)
        at C:\Users\Adrian\Desktop\nodeJSBackend\Final\node_modules\mongoose\lib\document.js:2750:18
        at processTicksAndRejections (node:internal/process/task_queues:78:11) {
      properties: [Object],
      kind: 'required',
      path: 'stock',
      value: undefined,
      reason: undefined,
      [Symbol(mongoose:validatorError)]: true
    },
    code: ValidatorError: Path `code` is required.
        at validate (C:\Users\Adrian\Desktop\nodeJSBackend\Final\node_modules\mongoose\lib\schematype.js:1330:13)
        at SchemaString.SchemaType.doValidate (C:\Users\Adrian\Desktop\nodeJSBackend\Final\node_modules\mongoose\lib\schematype.js:1314:7)
        at C:\Users\Adrian\Desktop\nodeJSBackend\Final\node_modules\mongoose\lib\document.js:2750:18
        at processTicksAndRejections (node:internal/process/task_queues:78:11) {
      properties: [Object],
      kind: 'required',
      path: 'code',
      value: undefined,
      reason: undefined,
      [Symbol(mongoose:validatorError)]: true
    },
    description: ValidatorError: Path `description` is required.
        at validate (C:\Users\Adrian\Desktop\nodeJSBackend\Final\node_modules\mongoose\lib\schematype.js:1330:13)
        at SchemaString.SchemaType.doValidate (C:\Users\Adrian\Desktop\nodeJSBackend\Final\node_modules\mongoose\lib\schematype.js:1314:7)
        at C:\Users\Adrian\Desktop\nodeJSBackend\Final\node_modules\mongoose\lib\document.js:2750:18
        at processTicksAndRejections (node:internal/process/task_queues:78:11) {
      properties: [Object],
      kind: 'required',
      path: 'description',
      value: undefined,
      reason: undefined,
      [Symbol(mongoose:validatorError)]: true
    }
  },
  _message: 'productos validation failed'
}
[2022-08-19T21:18:24.742] [ERROR] default - Error: productos validation failed: code: Path `code` is required.
    at ValidationError.inspect (C:\Users\Adrian\Desktop\nodeJSBackend\Final\node_modules\mongoose\lib\error\validation.js:48:26)
    at formatValue (node:internal/util/inspect:782:19)
    at inspect (node:internal/util/inspect:347:10)
    at formatWithOptionsInternal (node:internal/util/inspect:2167:40)
    at Object.format (node:internal/util/inspect:2021:10)
    at basicLayout (C:\Users\Adrian\Desktop\nodeJSBackend\Final\node_modules\log4js\lib\layouts.js:64:57)
    at app (C:\Users\Adrian\Desktop\nodeJSBackend\Final\node_modules\log4js\lib\appenders\file.js:82:23)
    at C:\Users\Adrian\Desktop\nodeJSBackend\Final\node_modules\log4js\lib\appenders\logLevelFilter.js:7:7
    at C:\Users\Adrian\Desktop\nodeJSBackend\Final\node_modules\log4js\lib\log4js.js:43:5
    at Array.forEach (<anonymous>) {
  errors: {
    code: ValidatorError: Path `code` is required.
        at validate (C:\Users\Adrian\Desktop\nodeJSBackend\Final\node_modules\mongoose\lib\schematype.js:1330:13)
        at SchemaString.SchemaType.doValidate (C:\Users\Adrian\Desktop\nodeJSBackend\Final\node_modules\mongoose\lib\schematype.js:1314:7)
        at C:\Users\Adrian\Desktop\nodeJSBackend\Final\node_modules\mongoose\lib\document.js:2750:18
        at processTicksAndRejections (node:internal/process/task_queues:78:11) {
      properties: [Object],
      kind: 'required',
      path: 'code',
      value: undefined,
      reason: undefined,
      [Symbol(mongoose:validatorError)]: true
    }
  },
  _message: 'productos validation failed'
}
[2022-08-19T21:20:23.957] [ERROR] default - TypeError: Cannot read properties of null (reading 'products')
    at CarritoService.deleteProductFromCart (file:///C:/Users/Adrian/Desktop/nodeJSBackend/Final/src/services/carrito.service.js:64:18)
    at processTicksAndRejections (node:internal/process/task_queues:96:5)
    at async removeProduct (file:///C:/Users/Adrian/Desktop/nodeJSBackend/Final/src/controllers/cart.controller.js:48:24)
